27-May-2026 10:31:56.976 INFO [main] org.apache.catalina.startup.VersionLoggerListener.log Server version name:   Apache Tomcat/10.0.27
27-May-2026 10:31:56.979 INFO [main] org.apache.catalina.startup.VersionLoggerListener.log Server built:          Oct 3 2022 14:18:31 UTC
27-May-2026 10:31:56.980 INFO [main] org.apache.catalina.startup.VersionLoggerListener.log Server version number: 10.0.27.0
27-May-2026 10:31:56.980 INFO [main] org.apache.catalina.startup.VersionLoggerListener.log OS Name:               Windows 11
27-May-2026 10:31:56.980 INFO [main] org.apache.catalina.startup.VersionLoggerListener.log OS Version:            10.0
27-May-2026 10:31:56.980 INFO [main] org.apache.catalina.startup.VersionLoggerListener.log Architecture:          amd64
27-May-2026 10:31:56.980 INFO [main] org.apache.catalina.startup.VersionLoggerListener.log Java Home:             C:\Users\PHÁT HUY\.jdks\temurin-21.0.10
27-May-2026 10:31:56.980 INFO [main] org.apache.catalina.startup.VersionLoggerListener.log JVM Version:           21.0.10+7-LTS
27-May-2026 10:31:56.980 INFO [main] org.apache.catalina.startup.VersionLoggerListener.log JVM Vendor:            Eclipse Adoptium
27-May-2026 10:31:56.980 INFO [main] org.apache.catalina.startup.VersionLoggerListener.log CATALINA_BASE:         C:\Users\PHÁT HUY\.SmartTomcat\jav101-lab2-phatphgtv00198-ops\Java_Web_Template
27-May-2026 10:31:56.980 INFO [main] org.apache.catalina.startup.VersionLoggerListener.log CATALINA_HOME:         D:\apache-tomcat-10.0.27
27-May-2026 10:31:56.991 INFO [main] org.apache.catalina.startup.VersionLoggerListener.log Command line argument: --add-opens=java.base/java.lang=ALL-UNNAMED
27-May-2026 10:31:56.991 INFO [main] org.apache.catalina.startup.VersionLoggerListener.log Command line argument: --add-opens=java.base/java.io=ALL-UNNAMED
27-May-2026 10:31:56.991 INFO [main] org.apache.catalina.startup.VersionLoggerListener.log Command line argument: --add-opens=java.base/java.util=ALL-UNNAMED
27-May-2026 10:31:56.992 INFO [main] org.apache.catalina.startup.VersionLoggerListener.log Command line argument: --add-opens=java.base/java.util.concurrent=ALL-UNNAMED
27-May-2026 10:31:56.992 INFO [main] org.apache.catalina.startup.VersionLoggerListener.log Command line argument: --add-opens=java.rmi/sun.rmi.transport=ALL-UNNAMED
27-May-2026 10:31:56.992 INFO [main] org.apache.catalina.startup.VersionLoggerListener.log Command line argument: -Dcatalina.home=D:\apache-tomcat-10.0.27
27-May-2026 10:31:56.992 INFO [main] org.apache.catalina.startup.VersionLoggerListener.log Command line argument: -Dcatalina.base=C:\Users\PHÁT HUY\.SmartTomcat\jav101-lab2-phatphgtv00198-ops\Java_Web_Template
27-May-2026 10:31:56.992 INFO [main] org.apache.catalina.startup.VersionLoggerListener.log Command line argument: -Djava.io.tmpdir=C:\Users\PHÁT HUY\.SmartTomcat\jav101-lab2-phatphgtv00198-ops\Java_Web_Template\temp
27-May-2026 10:31:56.992 INFO [main] org.apache.catalina.startup.VersionLoggerListener.log Command line argument: -Djava.util.logging.config.file=C:\Users\PHÁT HUY\.SmartTomcat\jav101-lab2-phatphgtv00198-ops\Java_Web_Template\conf\logging.properties
27-May-2026 10:31:56.992 INFO [main] org.apache.catalina.startup.VersionLoggerListener.log Command line argument: -Djava.util.logging.manager=org.apache.juli.ClassLoaderLogManager
27-May-2026 10:31:56.992 INFO [main] org.apache.catalina.startup.VersionLoggerListener.log Command line argument: -javaagent:D:\Test\IntelliJ IDEA 2026.1\lib\idea_rt.jar=50082
27-May-2026 10:31:56.992 INFO [main] org.apache.catalina.startup.VersionLoggerListener.log Command line argument: -Dfile.encoding=UTF-8
27-May-2026 10:31:56.992 INFO [main] org.apache.catalina.startup.VersionLoggerListener.log Command line argument: -Dsun.stdout.encoding=UTF-8
27-May-2026 10:31:56.992 INFO [main] org.apache.catalina.startup.VersionLoggerListener.log Command line argument: -Dsun.stderr.encoding=UTF-8
27-May-2026 10:31:56.996 INFO [main] org.apache.catalina.core.AprLifecycleListener.lifecycleEvent Loaded Apache Tomcat Native library [1.2.35] using APR version [1.7.0].
27-May-2026 10:31:56.996 INFO [main] org.apache.catalina.core.AprLifecycleListener.lifecycleEvent APR capabilities: IPv6 [true], sendfile [true], accept filters [false], random [true], UDS [true].
27-May-2026 10:31:57.001 INFO [main] org.apache.catalina.core.AprLifecycleListener.initializeSSL OpenSSL successfully initialized [OpenSSL 1.1.1q  5 Jul 2022]
27-May-2026 10:31:57.251 INFO [main] org.apache.coyote.AbstractProtocol.init Initializing ProtocolHandler ["http-nio-8080"]
27-May-2026 10:31:57.259 SEVERE [main] org.apache.catalina.util.LifecycleBase.handleSubClassException Failed to initialize component [Connector[HTTP/1.1-8080]]
	org.apache.catalina.LifecycleException: Protocol handler initialization failed
		at org.apache.catalina.connector.Connector.initInternal(Connector.java:1055)
		at org.apache.catalina.util.LifecycleBase.init(LifecycleBase.java:136)
		at org.apache.catalina.core.StandardService.initInternal(StandardService.java:556)
		at org.apache.catalina.util.LifecycleBase.init(LifecycleBase.java:136)
		at org.apache.catalina.core.StandardServer.initInternal(StandardServer.java:1045)
		at org.apache.catalina.util.LifecycleBase.init(LifecycleBase.java:136)
		at org.apache.catalina.startup.Catalina.load(Catalina.java:747)
		at org.apache.catalina.startup.Catalina.load(Catalina.java:769)
		at java.base/jdk.internal.reflect.DirectMethodHandleAccessor.invoke(DirectMethodHandleAccessor.java:103)
		at java.base/java.lang.reflect.Method.invoke(Method.java:580)
		at org.apache.catalina.startup.Bootstrap.load(Bootstrap.java:305)
		at org.apache.catalina.startup.Bootstrap.main(Bootstrap.java:475)
	Caused by: java.net.BindException: Address already in use: bind
		at java.base/sun.nio.ch.Net.bind0(Native Method)
		at java.base/sun.nio.ch.Net.bind(Net.java:577)
		at java.base/sun.nio.ch.ServerSocketChannelImpl.netBind(ServerSocketChannelImpl.java:344)
		at java.base/sun.nio.ch.ServerSocketChannelImpl.bind(ServerSocketChannelImpl.java:301)
		at org.apache.tomcat.util.net.NioEndpoint.initServerSocket(NioEndpoint.java:246)
		at org.apache.tomcat.util.net.NioEndpoint.bind(NioEndpoint.java:201)
		at org.apache.tomcat.util.net.AbstractEndpoint.bindWithCleanup(AbstractEndpoint.java:1192)
		at org.apache.tomcat.util.net.AbstractEndpoint.init(AbstractEndpoint.java:1205)
		at org.apache.coyote.AbstractProtocol.init(AbstractProtocol.java:583)
		at org.apache.coyote.http11.AbstractHttp11Protocol.init(AbstractHttp11Protocol.java:79)
		at org.apache.catalina.connector.Connector.initInternal(Connector.java:1052)
		... 11 more
27-May-2026 10:31:57.260 INFO [main] org.apache.catalina.startup.Catalina.load Server initialization in [429] milliseconds
27-May-2026 10:31:57.302 INFO [main] org.apache.catalina.core.StandardService.startInternal Starting service [Catalina]
27-May-2026 10:31:57.303 INFO [main] org.apache.catalina.core.StandardEngine.startInternal Starting Servlet engine: [Apache Tomcat/10.0.27]
27-May-2026 10:31:57.313 INFO [main] org.apache.catalina.startup.HostConfig.deployDescriptor Deploying deployment descriptor [C:\Users\PHÁT HUY\.SmartTomcat\jav101-lab2-phatphgtv00198-ops\Java_Web_Template\conf\Catalina\localhost\Java_Web_Template.xml]
27-May-2026 10:31:57.689 INFO [main] org.apache.jasper.servlet.TldScanner.scanJars At least one JAR was scanned for TLDs yet contained no TLDs. Enable debug logging for this logger for a complete list of JARs that were scanned but no TLDs were found in them. Skipping unneeded JARs during scanning can improve startup time and JSP compilation time.
27-May-2026 10:31:57.728 INFO [main] org.apache.catalina.startup.HostConfig.deployDescriptor Deployment of deployment descriptor [C:\Users\PHÁT HUY\.SmartTomcat\jav101-lab2-phatphgtv00198-ops\Java_Web_Template\conf\Catalina\localhost\Java_Web_Template.xml] has finished in [415] ms
27-May-2026 10:31:57.730 INFO [main] org.apache.catalina.startup.Catalina.start Server startup in [469] milliseconds
27-May-2026 10:31:57.736 SEVERE [main] org.apache.catalina.core.StandardServer.await Failed to create server shutdown socket on address [localhost] and port [8005] (base port [8005] and offset [0])
	java.net.BindException: Address already in use: bind
		at java.base/sun.nio.ch.Net.bind0(Native Method)
		at java.base/sun.nio.ch.Net.bind(Net.java:577)
		at java.base/sun.nio.ch.Net.bind(Net.java:566)
		at java.base/sun.nio.ch.NioSocketImpl.bind(NioSocketImpl.java:636)
		at java.base/java.net.ServerSocket.bind(ServerSocket.java:391)
		at java.base/java.net.ServerSocket.<init>(ServerSocket.java:278)
		at org.apache.catalina.core.StandardServer.await(StandardServer.java:580)
		at org.apache.catalina.startup.Catalina.await(Catalina.java:887)
		at org.apache.catalina.startup.Catalina.start(Catalina.java:833)
		at java.base/jdk.internal.reflect.DirectMethodHandleAccessor.invoke(DirectMethodHandleAccessor.java:103)
		at java.base/java.lang.reflect.Method.invoke(Method.java:580)
		at org.apache.catalina.startup.Bootstrap.start(Bootstrap.java:345)
		at org.apache.catalina.startup.Bootstrap.main(Bootstrap.java:476)
27-May-2026 10:31:57.737 INFO [main] org.apache.coyote.AbstractProtocol.pause Pausing ProtocolHandler ["http-nio-8080"]
27-May-2026 10:31:57.737 INFO [main] org.apache.catalina.core.StandardService.stopInternal Stopping service [Catalina]
27-May-2026 10:31:57.744 INFO [main] org.apache.coyote.AbstractProtocol.stop Stopping ProtocolHandler ["http-nio-8080"]
27-May-2026 10:31:57.744 INFO [main] org.apache.coyote.AbstractProtocol.destroy Destroying ProtocolHandler ["http-nio-8080"]
27-May-2026 10:33:28.502 INFO [main] org.apache.catalina.startup.VersionLoggerListener.log Server version name:   Apache Tomcat/10.0.27
27-May-2026 10:33:28.505 INFO [main] org.apache.catalina.startup.VersionLoggerListener.log Server built:          Oct 3 2022 14:18:31 UTC
27-May-2026 10:33:28.505 INFO [main] org.apache.catalina.startup.VersionLoggerListener.log Server version number: 10.0.27.0
27-May-2026 10:33:28.505 INFO [main] org.apache.catalina.startup.VersionLoggerListener.log OS Name:               Windows 11
27-May-2026 10:33:28.505 INFO [main] org.apache.catalina.startup.VersionLoggerListener.log OS Version:            10.0
27-May-2026 10:33:28.505 INFO [main] org.apache.catalina.startup.VersionLoggerListener.log Architecture:          amd64
27-May-2026 10:33:28.505 INFO [main] org.apache.catalina.startup.VersionLoggerListener.log Java Home:             C:\Users\PHÁT HUY\.jdks\temurin-21.0.10
27-May-2026 10:33:28.505 INFO [main] org.apache.catalina.startup.VersionLoggerListener.log JVM Version:           21.0.10+7-LTS
27-May-2026 10:33:28.505 INFO [main] org.apache.catalina.startup.VersionLoggerListener.log JVM Vendor:            Eclipse Adoptium
27-May-2026 10:33:28.505 INFO [main] org.apache.catalina.startup.VersionLoggerListener.log CATALINA_BASE:         C:\Users\PHÁT HUY\.SmartTomcat\jav101-lab2-phatphgtv00198-ops\Java_Web_Template
27-May-2026 10:33:28.505 INFO [main] org.apache.catalina.startup.VersionLoggerListener.log CATALINA_HOME:         D:\apache-tomcat-10.0.27
27-May-2026 10:33:28.512 INFO [main] org.apache.catalina.startup.VersionLoggerListener.log Command line argument: --add-opens=java.base/java.lang=ALL-UNNAMED
27-May-2026 10:33:28.512 INFO [main] org.apache.catalina.startup.VersionLoggerListener.log Command line argument: --add-opens=java.base/java.io=ALL-UNNAMED
27-May-2026 10:33:28.512 INFO [main] org.apache.catalina.startup.VersionLoggerListener.log Command line argument: --add-opens=java.base/java.util=ALL-UNNAMED
27-May-2026 10:33:28.512 INFO [main] org.apache.catalina.startup.VersionLoggerListener.log Command line argument: --add-opens=java.base/java.util.concurrent=ALL-UNNAMED
27-May-2026 10:33:28.512 INFO [main] org.apache.catalina.startup.VersionLoggerListener.log Command line argument: --add-opens=java.rmi/sun.rmi.transport=ALL-UNNAMED
27-May-2026 10:33:28.512 INFO [main] org.apache.catalina.startup.VersionLoggerListener.log Command line argument: -Dcatalina.home=D:\apache-tomcat-10.0.27
27-May-2026 10:33:28.512 INFO [main] org.apache.catalina.startup.VersionLoggerListener.log Command line argument: -Dcatalina.base=C:\Users\PHÁT HUY\.SmartTomcat\jav101-lab2-phatphgtv00198-ops\Java_Web_Template
27-May-2026 10:33:28.512 INFO [main] org.apache.catalina.startup.VersionLoggerListener.log Command line argument: -Djava.io.tmpdir=C:\Users\PHÁT HUY\.SmartTomcat\jav101-lab2-phatphgtv00198-ops\Java_Web_Template\temp
27-May-2026 10:33:28.512 INFO [main] org.apache.catalina.startup.VersionLoggerListener.log Command line argument: -Djava.util.logging.config.file=C:\Users\PHÁT HUY\.SmartTomcat\jav101-lab2-phatphgtv00198-ops\Java_Web_Template\conf\logging.properties
27-May-2026 10:33:28.512 INFO [main] org.apache.catalina.startup.VersionLoggerListener.log Command line argument: -Djava.util.logging.manager=org.apache.juli.ClassLoaderLogManager
27-May-2026 10:33:28.512 INFO [main] org.apache.catalina.startup.VersionLoggerListener.log Command line argument: -javaagent:D:\Test\IntelliJ IDEA 2026.1\lib\idea_rt.jar=51532
27-May-2026 10:33:28.512 INFO [main] org.apache.catalina.startup.VersionLoggerListener.log Command line argument: -Dfile.encoding=UTF-8
27-May-2026 10:33:28.512 INFO [main] org.apache.catalina.startup.VersionLoggerListener.log Command line argument: -Dsun.stdout.encoding=UTF-8
27-May-2026 10:33:28.513 INFO [main] org.apache.catalina.startup.VersionLoggerListener.log Command line argument: -Dsun.stderr.encoding=UTF-8
27-May-2026 10:33:28.515 INFO [main] org.apache.catalina.core.AprLifecycleListener.lifecycleEvent Loaded Apache Tomcat Native library [1.2.35] using APR version [1.7.0].
27-May-2026 10:33:28.516 INFO [main] org.apache.catalina.core.AprLifecycleListener.lifecycleEvent APR capabilities: IPv6 [true], sendfile [true], accept filters [false], random [true], UDS [true].
27-May-2026 10:33:28.520 INFO [main] org.apache.catalina.core.AprLifecycleListener.initializeSSL OpenSSL successfully initialized [OpenSSL 1.1.1q  5 Jul 2022]
27-May-2026 10:33:28.769 INFO [main] org.apache.coyote.AbstractProtocol.init Initializing ProtocolHandler ["http-nio-8080"]
27-May-2026 10:33:28.776 SEVERE [main] org.apache.catalina.util.LifecycleBase.handleSubClassException Failed to initialize component [Connector[HTTP/1.1-8080]]
	org.apache.catalina.LifecycleException: Protocol handler initialization failed
		at org.apache.catalina.connector.Connector.initInternal(Connector.java:1055)
		at org.apache.catalina.util.LifecycleBase.init(LifecycleBase.java:136)
		at org.apache.catalina.core.StandardService.initInternal(StandardService.java:556)
		at org.apache.catalina.util.LifecycleBase.init(LifecycleBase.java:136)
		at org.apache.catalina.core.StandardServer.initInternal(StandardServer.java:1045)
		at org.apache.catalina.util.LifecycleBase.init(LifecycleBase.java:136)
		at org.apache.catalina.startup.Catalina.load(Catalina.java:747)
		at org.apache.catalina.startup.Catalina.load(Catalina.java:769)
		at java.base/jdk.internal.reflect.DirectMethodHandleAccessor.invoke(DirectMethodHandleAccessor.java:103)
		at java.base/java.lang.reflect.Method.invoke(Method.java:580)
		at org.apache.catalina.startup.Bootstrap.load(Bootstrap.java:305)
		at org.apache.catalina.startup.Bootstrap.main(Bootstrap.java:475)
	Caused by: java.net.BindException: Address already in use: bind
		at java.base/sun.nio.ch.Net.bind0(Native Method)
		at java.base/sun.nio.ch.Net.bind(Net.java:577)
		at java.base/sun.nio.ch.ServerSocketChannelImpl.netBind(ServerSocketChannelImpl.java:344)
		at java.base/sun.nio.ch.ServerSocketChannelImpl.bind(ServerSocketChannelImpl.java:301)
		at org.apache.tomcat.util.net.NioEndpoint.initServerSocket(NioEndpoint.java:246)
		at org.apache.tomcat.util.net.NioEndpoint.bind(NioEndpoint.java:201)
		at org.apache.tomcat.util.net.AbstractEndpoint.bindWithCleanup(AbstractEndpoint.java:1192)
		at org.apache.tomcat.util.net.AbstractEndpoint.init(AbstractEndpoint.java:1205)
		at org.apache.coyote.AbstractProtocol.init(AbstractProtocol.java:583)
		at org.apache.coyote.http11.AbstractHttp11Protocol.init(AbstractHttp11Protocol.java:79)
		at org.apache.catalina.connector.Connector.initInternal(Connector.java:1052)
		... 11 more
27-May-2026 10:33:28.777 INFO [main] org.apache.catalina.startup.Catalina.load Server initialization in [425] milliseconds
27-May-2026 10:33:28.820 INFO [main] org.apache.catalina.core.StandardService.startInternal Starting service [Catalina]
27-May-2026 10:33:28.820 INFO [main] org.apache.catalina.core.StandardEngine.startInternal Starting Servlet engine: [Apache Tomcat/10.0.27]
27-May-2026 10:33:28.830 INFO [main] org.apache.catalina.startup.HostConfig.deployDescriptor Deploying deployment descriptor [C:\Users\PHÁT HUY\.SmartTomcat\jav101-lab2-phatphgtv00198-ops\Java_Web_Template\conf\Catalina\localhost\Java_Web_Template.xml]
27-May-2026 10:33:29.177 INFO [main] org.apache.jasper.servlet.TldScanner.scanJars At least one JAR was scanned for TLDs yet contained no TLDs. Enable debug logging for this logger for a complete list of JARs that were scanned but no TLDs were found in them. Skipping unneeded JARs during scanning can improve startup time and JSP compilation time.
27-May-2026 10:33:29.223 INFO [main] org.apache.catalina.startup.HostConfig.deployDescriptor Deployment of deployment descriptor [C:\Users\PHÁT HUY\.SmartTomcat\jav101-lab2-phatphgtv00198-ops\Java_Web_Template\conf\Catalina\localhost\Java_Web_Template.xml] has finished in [392] ms
27-May-2026 10:33:29.225 INFO [main] org.apache.catalina.startup.Catalina.start Server startup in [448] milliseconds
27-May-2026 10:33:29.233 SEVERE [main] org.apache.catalina.core.StandardServer.await Failed to create server shutdown socket on address [localhost] and port [8005] (base port [8005] and offset [0])
	java.net.BindException: Address already in use: bind
		at java.base/sun.nio.ch.Net.bind0(Native Method)
		at java.base/sun.nio.ch.Net.bind(Net.java:577)
		at java.base/sun.nio.ch.Net.bind(Net.java:566)
		at java.base/sun.nio.ch.NioSocketImpl.bind(NioSocketImpl.java:636)
		at java.base/java.net.ServerSocket.bind(ServerSocket.java:391)
		at java.base/java.net.ServerSocket.<init>(ServerSocket.java:278)
		at org.apache.catalina.core.StandardServer.await(StandardServer.java:580)
		at org.apache.catalina.startup.Catalina.await(Catalina.java:887)
		at org.apache.catalina.startup.Catalina.start(Catalina.java:833)
		at java.base/jdk.internal.reflect.DirectMethodHandleAccessor.invoke(DirectMethodHandleAccessor.java:103)
		at java.base/java.lang.reflect.Method.invoke(Method.java:580)
		at org.apache.catalina.startup.Bootstrap.start(Bootstrap.java:345)
		at org.apache.catalina.startup.Bootstrap.main(Bootstrap.java:476)
27-May-2026 10:33:29.233 INFO [main] org.apache.coyote.AbstractProtocol.pause Pausing ProtocolHandler ["http-nio-8080"]
27-May-2026 10:33:29.233 INFO [main] org.apache.catalina.core.StandardService.stopInternal Stopping service [Catalina]
27-May-2026 10:33:29.240 INFO [main] org.apache.coyote.AbstractProtocol.stop Stopping ProtocolHandler ["http-nio-8080"]
27-May-2026 10:33:29.240 INFO [main] org.apache.coyote.AbstractProtocol.destroy Destroying ProtocolHandler ["http-nio-8080"]
27-May-2026 10:33:44.102 INFO [main] org.apache.catalina.startup.VersionLoggerListener.log Server version name:   Apache Tomcat/10.0.27
27-May-2026 10:33:44.106 INFO [main] org.apache.catalina.startup.VersionLoggerListener.log Server built:          Oct 3 2022 14:18:31 UTC
27-May-2026 10:33:44.107 INFO [main] org.apache.catalina.startup.VersionLoggerListener.log Server version number: 10.0.27.0
27-May-2026 10:33:44.107 INFO [main] org.apache.catalina.startup.VersionLoggerListener.log OS Name:               Windows 11
27-May-2026 10:33:44.107 INFO [main] org.apache.catalina.startup.VersionLoggerListener.log OS Version:            10.0
27-May-2026 10:33:44.107 INFO [main] org.apache.catalina.startup.VersionLoggerListener.log Architecture:          amd64
27-May-2026 10:33:44.107 INFO [main] org.apache.catalina.startup.VersionLoggerListener.log Java Home:             C:\Users\PHÁT HUY\.jdks\temurin-21.0.10
27-May-2026 10:33:44.107 INFO [main] org.apache.catalina.startup.VersionLoggerListener.log JVM Version:           21.0.10+7-LTS
27-May-2026 10:33:44.107 INFO [main] org.apache.catalina.startup.VersionLoggerListener.log JVM Vendor:            Eclipse Adoptium
27-May-2026 10:33:44.107 INFO [main] org.apache.catalina.startup.VersionLoggerListener.log CATALINA_BASE:         C:\Users\PHÁT HUY\.SmartTomcat\jav101-lab2-phatphgtv00198-ops\Java_Web_Template
27-May-2026 10:33:44.107 INFO [main] org.apache.catalina.startup.VersionLoggerListener.log CATALINA_HOME:         D:\apache-tomcat-10.0.27
27-May-2026 10:33:44.115 INFO [main] org.apache.catalina.startup.VersionLoggerListener.log Command line argument: --add-opens=java.base/java.lang=ALL-UNNAMED
27-May-2026 10:33:44.115 INFO [main] org.apache.catalina.startup.VersionLoggerListener.log Command line argument: --add-opens=java.base/java.io=ALL-UNNAMED
27-May-2026 10:33:44.115 INFO [main] org.apache.catalina.startup.VersionLoggerListener.log Command line argument: --add-opens=java.base/java.util=ALL-UNNAMED
27-May-2026 10:33:44.115 INFO [main] org.apache.catalina.startup.VersionLoggerListener.log Command line argument: --add-opens=java.base/java.util.concurrent=ALL-UNNAMED
27-May-2026 10:33:44.115 INFO [main] org.apache.catalina.startup.VersionLoggerListener.log Command line argument: --add-opens=java.rmi/sun.rmi.transport=ALL-UNNAMED
27-May-2026 10:33:44.115 INFO [main] org.apache.catalina.startup.VersionLoggerListener.log Command line argument: -Dcatalina.home=D:\apache-tomcat-10.0.27
27-May-2026 10:33:44.116 INFO [main] org.apache.catalina.startup.VersionLoggerListener.log Command line argument: -Dcatalina.base=C:\Users\PHÁT HUY\.SmartTomcat\jav101-lab2-phatphgtv00198-ops\Java_Web_Template
27-May-2026 10:33:44.116 INFO [main] org.apache.catalina.startup.VersionLoggerListener.log Command line argument: -Djava.io.tmpdir=C:\Users\PHÁT HUY\.SmartTomcat\jav101-lab2-phatphgtv00198-ops\Java_Web_Template\temp
27-May-2026 10:33:44.116 INFO [main] org.apache.catalina.startup.VersionLoggerListener.log Command line argument: -Djava.util.logging.config.file=C:\Users\PHÁT HUY\.SmartTomcat\jav101-lab2-phatphgtv00198-ops\Java_Web_Template\conf\logging.properties
27-May-2026 10:33:44.116 INFO [main] org.apache.catalina.startup.VersionLoggerListener.log Command line argument: -Djava.util.logging.manager=org.apache.juli.ClassLoaderLogManager
27-May-2026 10:33:44.116 INFO [main] org.apache.catalina.startup.VersionLoggerListener.log Command line argument: -javaagent:D:\Test\IntelliJ IDEA 2026.1\lib\idea_rt.jar=51555
27-May-2026 10:33:44.116 INFO [main] org.apache.catalina.startup.VersionLoggerListener.log Command line argument: -Dfile.encoding=UTF-8
27-May-2026 10:33:44.116 INFO [main] org.apache.catalina.startup.VersionLoggerListener.log Command line argument: -Dsun.stdout.encoding=UTF-8
27-May-2026 10:33:44.116 INFO [main] org.apache.catalina.startup.VersionLoggerListener.log Command line argument: -Dsun.stderr.encoding=UTF-8
27-May-2026 10:33:44.120 INFO [main] org.apache.catalina.core.AprLifecycleListener.lifecycleEvent Loaded Apache Tomcat Native library [1.2.35] using APR version [1.7.0].
27-May-2026 10:33:44.120 INFO [main] org.apache.catalina.core.AprLifecycleListener.lifecycleEvent APR capabilities: IPv6 [true], sendfile [true], accept filters [false], random [true], UDS [true].
27-May-2026 10:33:44.125 INFO [main] org.apache.catalina.core.AprLifecycleListener.initializeSSL OpenSSL successfully initialized [OpenSSL 1.1.1q  5 Jul 2022]
27-May-2026 10:33:44.386 INFO [main] org.apache.coyote.AbstractProtocol.init Initializing ProtocolHandler ["http-nio-8084"]
27-May-2026 10:33:44.400 INFO [main] org.apache.catalina.startup.Catalina.load Server initialization in [453] milliseconds
27-May-2026 10:33:44.441 INFO [main] org.apache.catalina.core.StandardService.startInternal Starting service [Catalina]
27-May-2026 10:33:44.441 INFO [main] org.apache.catalina.core.StandardEngine.startInternal Starting Servlet engine: [Apache Tomcat/10.0.27]
27-May-2026 10:33:44.450 INFO [main] org.apache.catalina.startup.HostConfig.deployDescriptor Deploying deployment descriptor [C:\Users\PHÁT HUY\.SmartTomcat\jav101-lab2-phatphgtv00198-ops\Java_Web_Template\conf\Catalina\localhost\Java_Web_Template.xml]
27-May-2026 10:33:44.758 INFO [main] org.apache.jasper.servlet.TldScanner.scanJars At least one JAR was scanned for TLDs yet contained no TLDs. Enable debug logging for this logger for a complete list of JARs that were scanned but no TLDs were found in them. Skipping unneeded JARs during scanning can improve startup time and JSP compilation time.
27-May-2026 10:33:44.799 INFO [main] org.apache.catalina.startup.HostConfig.deployDescriptor Deployment of deployment descriptor [C:\Users\PHÁT HUY\.SmartTomcat\jav101-lab2-phatphgtv00198-ops\Java_Web_Template\conf\Catalina\localhost\Java_Web_Template.xml] has finished in [349] ms
27-May-2026 10:33:44.802 INFO [main] org.apache.coyote.AbstractProtocol.start Starting ProtocolHandler ["http-nio-8084"]
27-May-2026 10:33:44.827 INFO [main] org.apache.catalina.startup.Catalina.start Server startup in [426] milliseconds
27-May-2026 10:34:58.016 INFO [Thread-1] org.apache.coyote.AbstractProtocol.pause Pausing ProtocolHandler ["http-nio-8084"]
27-May-2026 10:34:58.018 INFO [Thread-1] org.apache.catalina.core.StandardService.stopInternal Stopping service [Catalina]
27-May-2026 10:34:58.026 INFO [Thread-1] org.apache.coyote.AbstractProtocol.stop Stopping ProtocolHandler ["http-nio-8084"]
27-May-2026 10:34:58.030 INFO [Thread-1] org.apache.coyote.AbstractProtocol.destroy Destroying ProtocolHandler ["http-nio-8084"]
27-May-2026 10:35:00.337 INFO [main] org.apache.catalina.startup.VersionLoggerListener.log Server version name:   Apache Tomcat/10.0.27
27-May-2026 10:35:00.340 INFO [main] org.apache.catalina.startup.VersionLoggerListener.log Server built:          Oct 3 2022 14:18:31 UTC
27-May-2026 10:35:00.340 INFO [main] org.apache.catalina.startup.VersionLoggerListener.log Server version number: 10.0.27.0
27-May-2026 10:35:00.341 INFO [main] org.apache.catalina.startup.VersionLoggerListener.log OS Name:               Windows 11
27-May-2026 10:35:00.341 INFO [main] org.apache.catalina.startup.VersionLoggerListener.log OS Version:            10.0
27-May-2026 10:35:00.341 INFO [main] org.apache.catalina.startup.VersionLoggerListener.log Architecture:          amd64
27-May-2026 10:35:00.341 INFO [main] org.apache.catalina.startup.VersionLoggerListener.log Java Home:             C:\Users\PHÁT HUY\.jdks\temurin-21.0.10
27-May-2026 10:35:00.341 INFO [main] org.apache.catalina.startup.VersionLoggerListener.log JVM Version:           21.0.10+7-LTS
27-May-2026 10:35:00.341 INFO [main] org.apache.catalina.startup.VersionLoggerListener.log JVM Vendor:            Eclipse Adoptium
27-May-2026 10:35:00.341 INFO [main] org.apache.catalina.startup.VersionLoggerListener.log CATALINA_BASE:         C:\Users\PHÁT HUY\.SmartTomcat\jav101-lab2-phatphgtv00198-ops\Java_Web_Template
27-May-2026 10:35:00.341 INFO [main] org.apache.catalina.startup.VersionLoggerListener.log CATALINA_HOME:         D:\apache-tomcat-10.0.27
27-May-2026 10:35:00.347 INFO [main] org.apache.catalina.startup.VersionLoggerListener.log Command line argument: --add-opens=java.base/java.lang=ALL-UNNAMED
27-May-2026 10:35:00.347 INFO [main] org.apache.catalina.startup.VersionLoggerListener.log Command line argument: --add-opens=java.base/java.io=ALL-UNNAMED
27-May-2026 10:35:00.348 INFO [main] org.apache.catalina.startup.VersionLoggerListener.log Command line argument: --add-opens=java.base/java.util=ALL-UNNAMED
27-May-2026 10:35:00.348 INFO [main] org.apache.catalina.startup.VersionLoggerListener.log Command line argument: --add-opens=java.base/java.util.concurrent=ALL-UNNAMED
27-May-2026 10:35:00.348 INFO [main] org.apache.catalina.startup.VersionLoggerListener.log Command line argument: --add-opens=java.rmi/sun.rmi.transport=ALL-UNNAMED
27-May-2026 10:35:00.348 INFO [main] org.apache.catalina.startup.VersionLoggerListener.log Command line argument: -Dcatalina.home=D:\apache-tomcat-10.0.27
27-May-2026 10:35:00.348 INFO [main] org.apache.catalina.startup.VersionLoggerListener.log Command line argument: -Dcatalina.base=C:\Users\PHÁT HUY\.SmartTomcat\jav101-lab2-phatphgtv00198-ops\Java_Web_Template
27-May-2026 10:35:00.348 INFO [main] org.apache.catalina.startup.VersionLoggerListener.log Command line argument: -Djava.io.tmpdir=C:\Users\PHÁT HUY\.SmartTomcat\jav101-lab2-phatphgtv00198-ops\Java_Web_Template\temp
27-May-2026 10:35:00.348 INFO [main] org.apache.catalina.startup.VersionLoggerListener.log Command line argument: -Djava.util.logging.config.file=C:\Users\PHÁT HUY\.SmartTomcat\jav101-lab2-phatphgtv00198-ops\Java_Web_Template\conf\logging.properties
27-May-2026 10:35:00.348 INFO [main] org.apache.catalina.startup.VersionLoggerListener.log Command line argument: -Djava.util.logging.manager=org.apache.juli.ClassLoaderLogManager
27-May-2026 10:35:00.348 INFO [main] org.apache.catalina.startup.VersionLoggerListener.log Command line argument: -javaagent:D:\Test\IntelliJ IDEA 2026.1\lib\idea_rt.jar=53376
27-May-2026 10:35:00.348 INFO [main] org.apache.catalina.startup.VersionLoggerListener.log Command line argument: -Dfile.encoding=UTF-8
27-May-2026 10:35:00.348 INFO [main] org.apache.catalina.startup.VersionLoggerListener.log Command line argument: -Dsun.stdout.encoding=UTF-8
27-May-2026 10:35:00.348 INFO [main] org.apache.catalina.startup.VersionLoggerListener.log Command line argument: -Dsun.stderr.encoding=UTF-8
27-May-2026 10:35:00.351 INFO [main] org.apache.catalina.core.AprLifecycleListener.lifecycleEvent Loaded Apache Tomcat Native library [1.2.35] using APR version [1.7.0].
27-May-2026 10:35:00.351 INFO [main] org.apache.catalina.core.AprLifecycleListener.lifecycleEvent APR capabilities: IPv6 [true], sendfile [true], accept filters [false], random [true], UDS [true].
27-May-2026 10:35:00.356 INFO [main] org.apache.catalina.core.AprLifecycleListener.initializeSSL OpenSSL successfully initialized [OpenSSL 1.1.1q  5 Jul 2022]
27-May-2026 10:35:00.618 INFO [main] org.apache.coyote.AbstractProtocol.init Initializing ProtocolHandler ["http-nio-8084"]
27-May-2026 10:35:00.633 INFO [main] org.apache.catalina.startup.Catalina.load Server initialization in [444] milliseconds
27-May-2026 10:35:00.676 INFO [main] org.apache.catalina.core.StandardService.startInternal Starting service [Catalina]
27-May-2026 10:35:00.676 INFO [main] org.apache.catalina.core.StandardEngine.startInternal Starting Servlet engine: [Apache Tomcat/10.0.27]
27-May-2026 10:35:00.686 INFO [main] org.apache.catalina.startup.HostConfig.deployDescriptor Deploying deployment descriptor [C:\Users\PHÁT HUY\.SmartTomcat\jav101-lab2-phatphgtv00198-ops\Java_Web_Template\conf\Catalina\localhost\Java_Web_Template.xml]
27-May-2026 10:35:00.981 INFO [main] org.apache.jasper.servlet.TldScanner.scanJars At least one JAR was scanned for TLDs yet contained no TLDs. Enable debug logging for this logger for a complete list of JARs that were scanned but no TLDs were found in them. Skipping unneeded JARs during scanning can improve startup time and JSP compilation time.
27-May-2026 10:35:01.020 INFO [main] org.apache.catalina.startup.HostConfig.deployDescriptor Deployment of deployment descriptor [C:\Users\PHÁT HUY\.SmartTomcat\jav101-lab2-phatphgtv00198-ops\Java_Web_Template\conf\Catalina\localhost\Java_Web_Template.xml] has finished in [335] ms
27-May-2026 10:35:01.022 INFO [main] org.apache.coyote.AbstractProtocol.start Starting ProtocolHandler ["http-nio-8084"]
27-May-2026 10:35:01.046 INFO [main] org.apache.catalina.startup.Catalina.start Server startup in [411] milliseconds
27-May-2026 10:35:35.991 INFO [Thread-1] org.apache.coyote.AbstractProtocol.pause Pausing ProtocolHandler ["http-nio-8084"]
27-May-2026 10:35:35.994 INFO [Thread-1] org.apache.catalina.core.StandardService.stopInternal Stopping service [Catalina]
27-May-2026 10:35:36.003 INFO [Thread-1] org.apache.coyote.AbstractProtocol.stop Stopping ProtocolHandler ["http-nio-8084"]
27-May-2026 10:35:36.020 INFO [Thread-1] org.apache.coyote.AbstractProtocol.destroy Destroying ProtocolHandler ["http-nio-8084"]
27-May-2026 10:35:38.312 INFO [main] org.apache.catalina.startup.VersionLoggerListener.log Server version name:   Apache Tomcat/10.0.27
27-May-2026 10:35:38.315 INFO [main] org.apache.catalina.startup.VersionLoggerListener.log Server built:          Oct 3 2022 14:18:31 UTC
27-May-2026 10:35:38.315 INFO [main] org.apache.catalina.startup.VersionLoggerListener.log Server version number: 10.0.27.0
27-May-2026 10:35:38.315 INFO [main] org.apache.catalina.startup.VersionLoggerListener.log OS Name:               Windows 11
27-May-2026 10:35:38.316 INFO [main] org.apache.catalina.startup.VersionLoggerListener.log OS Version:            10.0
27-May-2026 10:35:38.316 INFO [main] org.apache.catalina.startup.VersionLoggerListener.log Architecture:          amd64
27-May-2026 10:35:38.316 INFO [main] org.apache.catalina.startup.VersionLoggerListener.log Java Home:             C:\Users\PHÁT HUY\.jdks\temurin-21.0.10
27-May-2026 10:35:38.316 INFO [main] org.apache.catalina.startup.VersionLoggerListener.log JVM Version:           21.0.10+7-LTS
27-May-2026 10:35:38.316 INFO [main] org.apache.catalina.startup.VersionLoggerListener.log JVM Vendor:            Eclipse Adoptium
27-May-2026 10:35:38.316 INFO [main] org.apache.catalina.startup.VersionLoggerListener.log CATALINA_BASE:         C:\Users\PHÁT HUY\.SmartTomcat\jav101-lab2-phatphgtv00198-ops\Java_Web_Template
27-May-2026 10:35:38.316 INFO [main] org.apache.catalina.startup.VersionLoggerListener.log CATALINA_HOME:         D:\apache-tomcat-10.0.27
27-May-2026 10:35:38.324 INFO [main] org.apache.catalina.startup.VersionLoggerListener.log Command line argument: --add-opens=java.base/java.lang=ALL-UNNAMED
27-May-2026 10:35:38.324 INFO [main] org.apache.catalina.startup.VersionLoggerListener.log Command line argument: --add-opens=java.base/java.io=ALL-UNNAMED
27-May-2026 10:35:38.324 INFO [main] org.apache.catalina.startup.VersionLoggerListener.log Command line argument: --add-opens=java.base/java.util=ALL-UNNAMED
27-May-2026 10:35:38.324 INFO [main] org.apache.catalina.startup.VersionLoggerListener.log Command line argument: --add-opens=java.base/java.util.concurrent=ALL-UNNAMED
27-May-2026 10:35:38.324 INFO [main] org.apache.catalina.startup.VersionLoggerListener.log Command line argument: --add-opens=java.rmi/sun.rmi.transport=ALL-UNNAMED
27-May-2026 10:35:38.324 INFO [main] org.apache.catalina.startup.VersionLoggerListener.log Command line argument: -Dcatalina.home=D:\apache-tomcat-10.0.27
27-May-2026 10:35:38.324 INFO [main] org.apache.catalina.startup.VersionLoggerListener.log Command line argument: -Dcatalina.base=C:\Users\PHÁT HUY\.SmartTomcat\jav101-lab2-phatphgtv00198-ops\Java_Web_Template
27-May-2026 10:35:38.325 INFO [main] org.apache.catalina.startup.VersionLoggerListener.log Command line argument: -Djava.io.tmpdir=C:\Users\PHÁT HUY\.SmartTomcat\jav101-lab2-phatphgtv00198-ops\Java_Web_Template\temp
27-May-2026 10:35:38.325 INFO [main] org.apache.catalina.startup.VersionLoggerListener.log Command line argument: -Djava.util.logging.config.file=C:\Users\PHÁT HUY\.SmartTomcat\jav101-lab2-phatphgtv00198-ops\Java_Web_Template\conf\logging.properties
27-May-2026 10:35:38.325 INFO [main] org.apache.catalina.startup.VersionLoggerListener.log Command line argument: -Djava.util.logging.manager=org.apache.juli.ClassLoaderLogManager
27-May-2026 10:35:38.325 INFO [main] org.apache.catalina.startup.VersionLoggerListener.log Command line argument: -javaagent:D:\Test\IntelliJ IDEA 2026.1\lib\idea_rt.jar=61294
27-May-2026 10:35:38.325 INFO [main] org.apache.catalina.startup.VersionLoggerListener.log Command line argument: -Dfile.encoding=UTF-8
27-May-2026 10:35:38.325 INFO [main] org.apache.catalina.startup.VersionLoggerListener.log Command line argument: -Dsun.stdout.encoding=UTF-8
27-May-2026 10:35:38.325 INFO [main] org.apache.catalina.startup.VersionLoggerListener.log Command line argument: -Dsun.stderr.encoding=UTF-8
27-May-2026 10:35:38.328 INFO [main] org.apache.catalina.core.AprLifecycleListener.lifecycleEvent Loaded Apache Tomcat Native library [1.2.35] using APR version [1.7.0].
27-May-2026 10:35:38.328 INFO [main] org.apache.catalina.core.AprLifecycleListener.lifecycleEvent APR capabilities: IPv6 [true], sendfile [true], accept filters [false], random [true], UDS [true].
27-May-2026 10:35:38.333 INFO [main] org.apache.catalina.core.AprLifecycleListener.initializeSSL OpenSSL successfully initialized [OpenSSL 1.1.1q  5 Jul 2022]
27-May-2026 10:35:38.598 INFO [main] org.apache.coyote.AbstractProtocol.init Initializing ProtocolHandler ["http-nio-8084"]
27-May-2026 10:35:38.612 INFO [main] org.apache.catalina.startup.Catalina.load Server initialization in [457] milliseconds
27-May-2026 10:35:38.651 INFO [main] org.apache.catalina.core.StandardService.startInternal Starting service [Catalina]
27-May-2026 10:35:38.651 INFO [main] org.apache.catalina.core.StandardEngine.startInternal Starting Servlet engine: [Apache Tomcat/10.0.27]
27-May-2026 10:35:38.661 INFO [main] org.apache.catalina.startup.HostConfig.deployDescriptor Deploying deployment descriptor [C:\Users\PHÁT HUY\.SmartTomcat\jav101-lab2-phatphgtv00198-ops\Java_Web_Template\conf\Catalina\localhost\Java_Web_Template.xml]
27-May-2026 10:35:38.987 INFO [main] org.apache.jasper.servlet.TldScanner.scanJars At least one JAR was scanned for TLDs yet contained no TLDs. Enable debug logging for this logger for a complete list of JARs that were scanned but no TLDs were found in them. Skipping unneeded JARs during scanning can improve startup time and JSP compilation time.
27-May-2026 10:35:39.029 INFO [main] org.apache.catalina.startup.HostConfig.deployDescriptor Deployment of deployment descriptor [C:\Users\PHÁT HUY\.SmartTomcat\jav101-lab2-phatphgtv00198-ops\Java_Web_Template\conf\Catalina\localhost\Java_Web_Template.xml] has finished in [368] ms
27-May-2026 10:35:39.033 INFO [main] org.apache.coyote.AbstractProtocol.start Starting ProtocolHandler ["http-nio-8084"]
27-May-2026 10:35:39.058 INFO [main] org.apache.catalina.startup.Catalina.start Server startup in [444] milliseconds
27-May-2026 10:36:27.950 INFO [Thread-1] org.apache.coyote.AbstractProtocol.pause Pausing ProtocolHandler ["http-nio-8084"]
27-May-2026 10:36:27.952 INFO [Thread-1] org.apache.catalina.core.StandardService.stopInternal Stopping service [Catalina]
27-May-2026 10:36:27.960 INFO [Thread-1] org.apache.coyote.AbstractProtocol.stop Stopping ProtocolHandler ["http-nio-8084"]
27-May-2026 10:36:27.963 INFO [Thread-1] org.apache.coyote.AbstractProtocol.destroy Destroying ProtocolHandler ["http-nio-8084"]
27-May-2026 10:36:30.166 INFO [main] org.apache.catalina.startup.VersionLoggerListener.log Server version name:   Apache Tomcat/10.0.27
27-May-2026 10:36:30.171 INFO [main] org.apache.catalina.startup.VersionLoggerListener.log Server built:          Oct 3 2022 14:18:31 UTC
27-May-2026 10:36:30.171 INFO [main] org.apache.catalina.startup.VersionLoggerListener.log Server version number: 10.0.27.0
27-May-2026 10:36:30.171 INFO [main] org.apache.catalina.startup.VersionLoggerListener.log OS Name:               Windows 11
27-May-2026 10:36:30.171 INFO [main] org.apache.catalina.startup.VersionLoggerListener.log OS Version:            10.0
27-May-2026 10:36:30.171 INFO [main] org.apache.catalina.startup.VersionLoggerListener.log Architecture:          amd64
27-May-2026 10:36:30.172 INFO [main] org.apache.catalina.startup.VersionLoggerListener.log Java Home:             C:\Users\PHÁT HUY\.jdks\temurin-21.0.10
27-May-2026 10:36:30.172 INFO [main] org.apache.catalina.startup.VersionLoggerListener.log JVM Version:           21.0.10+7-LTS
27-May-2026 10:36:30.172 INFO [main] org.apache.catalina.startup.VersionLoggerListener.log JVM Vendor:            Eclipse Adoptium
27-May-2026 10:36:30.172 INFO [main] org.apache.catalina.startup.VersionLoggerListener.log CATALINA_BASE:         C:\Users\PHÁT HUY\.SmartTomcat\jav101-lab2-phatphgtv00198-ops\Java_Web_Template
27-May-2026 10:36:30.172 INFO [main] org.apache.catalina.startup.VersionLoggerListener.log CATALINA_HOME:         D:\apache-tomcat-10.0.27
27-May-2026 10:36:30.180 INFO [main] org.apache.catalina.startup.VersionLoggerListener.log Command line argument: --add-opens=java.base/java.lang=ALL-UNNAMED
27-May-2026 10:36:30.180 INFO [main] org.apache.catalina.startup.VersionLoggerListener.log Command line argument: --add-opens=java.base/java.io=ALL-UNNAMED
27-May-2026 10:36:30.180 INFO [main] org.apache.catalina.startup.VersionLoggerListener.log Command line argument: --add-opens=java.base/java.util=ALL-UNNAMED
27-May-2026 10:36:30.181 INFO [main] org.apache.catalina.startup.VersionLoggerListener.log Command line argument: --add-opens=java.base/java.util.concurrent=ALL-UNNAMED
27-May-2026 10:36:30.181 INFO [main] org.apache.catalina.startup.VersionLoggerListener.log Command line argument: --add-opens=java.rmi/sun.rmi.transport=ALL-UNNAMED
27-May-2026 10:36:30.181 INFO [main] org.apache.catalina.startup.VersionLoggerListener.log Command line argument: -Dcatalina.home=D:\apache-tomcat-10.0.27
27-May-2026 10:36:30.181 INFO [main] org.apache.catalina.startup.VersionLoggerListener.log Command line argument: -Dcatalina.base=C:\Users\PHÁT HUY\.SmartTomcat\jav101-lab2-phatphgtv00198-ops\Java_Web_Template
27-May-2026 10:36:30.181 INFO [main] org.apache.catalina.startup.VersionLoggerListener.log Command line argument: -Djava.io.tmpdir=C:\Users\PHÁT HUY\.SmartTomcat\jav101-lab2-phatphgtv00198-ops\Java_Web_Template\temp
27-May-2026 10:36:30.181 INFO [main] org.apache.catalina.startup.VersionLoggerListener.log Command line argument: -Djava.util.logging.config.file=C:\Users\PHÁT HUY\.SmartTomcat\jav101-lab2-phatphgtv00198-ops\Java_Web_Template\conf\logging.properties
27-May-2026 10:36:30.181 INFO [main] org.apache.catalina.startup.VersionLoggerListener.log Command line argument: -Djava.util.logging.manager=org.apache.juli.ClassLoaderLogManager
27-May-2026 10:36:30.181 INFO [main] org.apache.catalina.startup.VersionLoggerListener.log Command line argument: -javaagent:D:\Test\IntelliJ IDEA 2026.1\lib\idea_rt.jar=57317
27-May-2026 10:36:30.181 INFO [main] org.apache.catalina.startup.VersionLoggerListener.log Command line argument: -Dfile.encoding=UTF-8
27-May-2026 10:36:30.181 INFO [main] org.apache.catalina.startup.VersionLoggerListener.log Command line argument: -Dsun.stdout.encoding=UTF-8
27-May-2026 10:36:30.181 INFO [main] org.apache.catalina.startup.VersionLoggerListener.log Command line argument: -Dsun.stderr.encoding=UTF-8
27-May-2026 10:36:30.186 INFO [main] org.apache.catalina.core.AprLifecycleListener.lifecycleEvent Loaded Apache Tomcat Native library [1.2.35] using APR version [1.7.0].
27-May-2026 10:36:30.186 INFO [main] org.apache.catalina.core.AprLifecycleListener.lifecycleEvent APR capabilities: IPv6 [true], sendfile [true], accept filters [false], random [true], UDS [true].
27-May-2026 10:36:30.192 INFO [main] org.apache.catalina.core.AprLifecycleListener.initializeSSL OpenSSL successfully initialized [OpenSSL 1.1.1q  5 Jul 2022]
27-May-2026 10:36:30.452 INFO [main] org.apache.coyote.AbstractProtocol.init Initializing ProtocolHandler ["http-nio-8084"]
27-May-2026 10:36:30.468 INFO [main] org.apache.catalina.startup.Catalina.load Server initialization in [463] milliseconds
27-May-2026 10:36:30.519 INFO [main] org.apache.catalina.core.StandardService.startInternal Starting service [Catalina]
27-May-2026 10:36:30.519 INFO [main] org.apache.catalina.core.StandardEngine.startInternal Starting Servlet engine: [Apache Tomcat/10.0.27]
27-May-2026 10:36:30.531 INFO [main] org.apache.catalina.startup.HostConfig.deployDescriptor Deploying deployment descriptor [C:\Users\PHÁT HUY\.SmartTomcat\jav101-lab2-phatphgtv00198-ops\Java_Web_Template\conf\Catalina\localhost\Java_Web_Template.xml]
27-May-2026 10:36:30.842 INFO [main] org.apache.jasper.servlet.TldScanner.scanJars At least one JAR was scanned for TLDs yet contained no TLDs. Enable debug logging for this logger for a complete list of JARs that were scanned but no TLDs were found in them. Skipping unneeded JARs during scanning can improve startup time and JSP compilation time.
27-May-2026 10:36:30.881 INFO [main] org.apache.catalina.startup.HostConfig.deployDescriptor Deployment of deployment descriptor [C:\Users\PHÁT HUY\.SmartTomcat\jav101-lab2-phatphgtv00198-ops\Java_Web_Template\conf\Catalina\localhost\Java_Web_Template.xml] has finished in [349] ms
27-May-2026 10:36:30.883 INFO [main] org.apache.coyote.AbstractProtocol.start Starting ProtocolHandler ["http-nio-8084"]
27-May-2026 10:36:30.908 INFO [main] org.apache.catalina.startup.Catalina.start Server startup in [438] milliseconds
27-May-2026 10:45:54.048 INFO [Thread-1] org.apache.coyote.AbstractProtocol.pause Pausing ProtocolHandler ["http-nio-8084"]
27-May-2026 10:45:54.050 INFO [Thread-1] org.apache.catalina.core.StandardService.stopInternal Stopping service [Catalina]
27-May-2026 10:45:54.059 INFO [Thread-1] org.apache.coyote.AbstractProtocol.stop Stopping ProtocolHandler ["http-nio-8084"]
27-May-2026 10:45:54.062 INFO [Thread-1] org.apache.coyote.AbstractProtocol.destroy Destroying ProtocolHandler ["http-nio-8084"]
27-May-2026 10:45:56.490 INFO [main] org.apache.catalina.startup.VersionLoggerListener.log Server version name:   Apache Tomcat/10.0.27
27-May-2026 10:45:56.493 INFO [main] org.apache.catalina.startup.VersionLoggerListener.log Server built:          Oct 3 2022 14:18:31 UTC
27-May-2026 10:45:56.493 INFO [main] org.apache.catalina.startup.VersionLoggerListener.log Server version number: 10.0.27.0
27-May-2026 10:45:56.493 INFO [main] org.apache.catalina.startup.VersionLoggerListener.log OS Name:               Windows 11
27-May-2026 10:45:56.493 INFO [main] org.apache.catalina.startup.VersionLoggerListener.log OS Version:            10.0
27-May-2026 10:45:56.493 INFO [main] org.apache.catalina.startup.VersionLoggerListener.log Architecture:          amd64
27-May-2026 10:45:56.493 INFO [main] org.apache.catalina.startup.VersionLoggerListener.log Java Home:             C:\Users\PHÁT HUY\.jdks\temurin-21.0.10
27-May-2026 10:45:56.494 INFO [main] org.apache.catalina.startup.VersionLoggerListener.log JVM Version:           21.0.10+7-LTS
27-May-2026 10:45:56.494 INFO [main] org.apache.catalina.startup.VersionLoggerListener.log JVM Vendor:            Eclipse Adoptium
27-May-2026 10:45:56.494 INFO [main] org.apache.catalina.startup.VersionLoggerListener.log CATALINA_BASE:         C:\Users\PHÁT HUY\.SmartTomcat\jav101-lab2-phatphgtv00198-ops\Java_Web_Template
27-May-2026 10:45:56.494 INFO [main] org.apache.catalina.startup.VersionLoggerListener.log CATALINA_HOME:         D:\apache-tomcat-10.0.27
27-May-2026 10:45:56.500 INFO [main] org.apache.catalina.startup.VersionLoggerListener.log Command line argument: --add-opens=java.base/java.lang=ALL-UNNAMED
27-May-2026 10:45:56.500 INFO [main] org.apache.catalina.startup.VersionLoggerListener.log Command line argument: --add-opens=java.base/java.io=ALL-UNNAMED
27-May-2026 10:45:56.500 INFO [main] org.apache.catalina.startup.VersionLoggerListener.log Command line argument: --add-opens=java.base/java.util=ALL-UNNAMED
27-May-2026 10:45:56.500 INFO [main] org.apache.catalina.startup.VersionLoggerListener.log Command line argument: --add-opens=java.base/java.util.concurrent=ALL-UNNAMED
27-May-2026 10:45:56.500 INFO [main] org.apache.catalina.startup.VersionLoggerListener.log Command line argument: --add-opens=java.rmi/sun.rmi.transport=ALL-UNNAMED
27-May-2026 10:45:56.500 INFO [main] org.apache.catalina.startup.VersionLoggerListener.log Command line argument: -Dcatalina.home=D:\apache-tomcat-10.0.27
27-May-2026 10:45:56.500 INFO [main] org.apache.catalina.startup.VersionLoggerListener.log Command line argument: -Dcatalina.base=C:\Users\PHÁT HUY\.SmartTomcat\jav101-lab2-phatphgtv00198-ops\Java_Web_Template
27-May-2026 10:45:56.500 INFO [main] org.apache.catalina.startup.VersionLoggerListener.log Command line argument: -Djava.io.tmpdir=C:\Users\PHÁT HUY\.SmartTomcat\jav101-lab2-phatphgtv00198-ops\Java_Web_Template\temp
27-May-2026 10:45:56.500 INFO [main] org.apache.catalina.startup.VersionLoggerListener.log Command line argument: -Djava.util.logging.config.file=C:\Users\PHÁT HUY\.SmartTomcat\jav101-lab2-phatphgtv00198-ops\Java_Web_Template\conf\logging.properties
27-May-2026 10:45:56.500 INFO [main] org.apache.catalina.startup.VersionLoggerListener.log Command line argument: -Djava.util.logging.manager=org.apache.juli.ClassLoaderLogManager
27-May-2026 10:45:56.500 INFO [main] org.apache.catalina.startup.VersionLoggerListener.log Command line argument: -javaagent:D:\Test\IntelliJ IDEA 2026.1\lib\idea_rt.jar=49919
27-May-2026 10:45:56.500 INFO [main] org.apache.catalina.startup.VersionLoggerListener.log Command line argument: -Dfile.encoding=UTF-8
27-May-2026 10:45:56.500 INFO [main] org.apache.catalina.startup.VersionLoggerListener.log Command line argument: -Dsun.stdout.encoding=UTF-8
27-May-2026 10:45:56.500 INFO [main] org.apache.catalina.startup.VersionLoggerListener.log Command line argument: -Dsun.stderr.encoding=UTF-8
27-May-2026 10:45:56.503 INFO [main] org.apache.catalina.core.AprLifecycleListener.lifecycleEvent Loaded Apache Tomcat Native library [1.2.35] using APR version [1.7.0].
27-May-2026 10:45:56.503 INFO [main] org.apache.catalina.core.AprLifecycleListener.lifecycleEvent APR capabilities: IPv6 [true], sendfile [true], accept filters [false], random [true], UDS [true].
27-May-2026 10:45:56.508 INFO [main] org.apache.catalina.core.AprLifecycleListener.initializeSSL OpenSSL successfully initialized [OpenSSL 1.1.1q  5 Jul 2022]
27-May-2026 10:45:56.796 INFO [main] org.apache.coyote.AbstractProtocol.init Initializing ProtocolHandler ["http-nio-8084"]
27-May-2026 10:45:56.809 INFO [main] org.apache.catalina.startup.Catalina.load Server initialization in [466] milliseconds
27-May-2026 10:45:56.853 INFO [main] org.apache.catalina.core.StandardService.startInternal Starting service [Catalina]
27-May-2026 10:45:56.853 INFO [main] org.apache.catalina.core.StandardEngine.startInternal Starting Servlet engine: [Apache Tomcat/10.0.27]
27-May-2026 10:45:56.864 INFO [main] org.apache.catalina.startup.HostConfig.deployDescriptor Deploying deployment descriptor [C:\Users\PHÁT HUY\.SmartTomcat\jav101-lab2-phatphgtv00198-ops\Java_Web_Template\conf\Catalina\localhost\Java_Web_Template.xml]
27-May-2026 10:45:57.183 INFO [main] org.apache.jasper.servlet.TldScanner.scanJars At least one JAR was scanned for TLDs yet contained no TLDs. Enable debug logging for this logger for a complete list of JARs that were scanned but no TLDs were found in them. Skipping unneeded JARs during scanning can improve startup time and JSP compilation time.
27-May-2026 10:45:57.225 INFO [main] org.apache.catalina.startup.HostConfig.deployDescriptor Deployment of deployment descriptor [C:\Users\PHÁT HUY\.SmartTomcat\jav101-lab2-phatphgtv00198-ops\Java_Web_Template\conf\Catalina\localhost\Java_Web_Template.xml] has finished in [361] ms
27-May-2026 10:45:57.229 INFO [main] org.apache.coyote.AbstractProtocol.start Starting ProtocolHandler ["http-nio-8084"]
27-May-2026 10:45:57.256 INFO [main] org.apache.catalina.startup.Catalina.start Server startup in [447] milliseconds
27-May-2026 10:54:50.552 INFO [Thread-1] org.apache.coyote.AbstractProtocol.pause Pausing ProtocolHandler ["http-nio-8084"]
27-May-2026 10:54:50.555 INFO [Thread-1] org.apache.catalina.core.StandardService.stopInternal Stopping service [Catalina]
27-May-2026 10:54:50.563 INFO [Thread-1] org.apache.coyote.AbstractProtocol.stop Stopping ProtocolHandler ["http-nio-8084"]
27-May-2026 10:54:50.566 INFO [Thread-1] org.apache.coyote.AbstractProtocol.destroy Destroying ProtocolHandler ["http-nio-8084"]
27-May-2026 10:54:53.093 INFO [main] org.apache.catalina.startup.VersionLoggerListener.log Server version name:   Apache Tomcat/10.0.27
27-May-2026 10:54:53.096 INFO [main] org.apache.catalina.startup.VersionLoggerListener.log Server built:          Oct 3 2022 14:18:31 UTC
27-May-2026 10:54:53.096 INFO [main] org.apache.catalina.startup.VersionLoggerListener.log Server version number: 10.0.27.0
27-May-2026 10:54:53.097 INFO [main] org.apache.catalina.startup.VersionLoggerListener.log OS Name:               Windows 11
27-May-2026 10:54:53.097 INFO [main] org.apache.catalina.startup.VersionLoggerListener.log OS Version:            10.0
27-May-2026 10:54:53.097 INFO [main] org.apache.catalina.startup.VersionLoggerListener.log Architecture:          amd64
27-May-2026 10:54:53.097 INFO [main] org.apache.catalina.startup.VersionLoggerListener.log Java Home:             C:\Users\PHÁT HUY\.jdks\temurin-21.0.10
27-May-2026 10:54:53.097 INFO [main] org.apache.catalina.startup.VersionLoggerListener.log JVM Version:           21.0.10+7-LTS
27-May-2026 10:54:53.097 INFO [main] org.apache.catalina.startup.VersionLoggerListener.log JVM Vendor:            Eclipse Adoptium
27-May-2026 10:54:53.097 INFO [main] org.apache.catalina.startup.VersionLoggerListener.log CATALINA_BASE:         C:\Users\PHÁT HUY\.SmartTomcat\jav101-lab2-phatphgtv00198-ops\Java_Web_Template
27-May-2026 10:54:53.097 INFO [main] org.apache.catalina.startup.VersionLoggerListener.log CATALINA_HOME:         D:\apache-tomcat-10.0.27
27-May-2026 10:54:53.105 INFO [main] org.apache.catalina.startup.VersionLoggerListener.log Command line argument: --add-opens=java.base/java.lang=ALL-UNNAMED
27-May-2026 10:54:53.105 INFO [main] org.apache.catalina.startup.VersionLoggerListener.log Command line argument: --add-opens=java.base/java.io=ALL-UNNAMED
27-May-2026 10:54:53.105 INFO [main] org.apache.catalina.startup.VersionLoggerListener.log Command line argument: --add-opens=java.base/java.util=ALL-UNNAMED
27-May-2026 10:54:53.105 INFO [main] org.apache.catalina.startup.VersionLoggerListener.log Command line argument: --add-opens=java.base/java.util.concurrent=ALL-UNNAMED
27-May-2026 10:54:53.105 INFO [main] org.apache.catalina.startup.VersionLoggerListener.log Command line argument: --add-opens=java.rmi/sun.rmi.transport=ALL-UNNAMED
27-May-2026 10:54:53.105 INFO [main] org.apache.catalina.startup.VersionLoggerListener.log Command line argument: -Dcatalina.home=D:\apache-tomcat-10.0.27
27-May-2026 10:54:53.106 INFO [main] org.apache.catalina.startup.VersionLoggerListener.log Command line argument: -Dcatalina.base=C:\Users\PHÁT HUY\.SmartTomcat\jav101-lab2-phatphgtv00198-ops\Java_Web_Template
27-May-2026 10:54:53.106 INFO [main] org.apache.catalina.startup.VersionLoggerListener.log Command line argument: -Djava.io.tmpdir=C:\Users\PHÁT HUY\.SmartTomcat\jav101-lab2-phatphgtv00198-ops\Java_Web_Template\temp
27-May-2026 10:54:53.106 INFO [main] org.apache.catalina.startup.VersionLoggerListener.log Command line argument: -Djava.util.logging.config.file=C:\Users\PHÁT HUY\.SmartTomcat\jav101-lab2-phatphgtv00198-ops\Java_Web_Template\conf\logging.properties
27-May-2026 10:54:53.106 INFO [main] org.apache.catalina.startup.VersionLoggerListener.log Command line argument: -Djava.util.logging.manager=org.apache.juli.ClassLoaderLogManager
27-May-2026 10:54:53.106 INFO [main] org.apache.catalina.startup.VersionLoggerListener.log Command line argument: -javaagent:D:\Test\IntelliJ IDEA 2026.1\lib\idea_rt.jar=55759
27-May-2026 10:54:53.106 INFO [main] org.apache.catalina.startup.VersionLoggerListener.log Command line argument: -Dfile.encoding=UTF-8
27-May-2026 10:54:53.106 INFO [main] org.apache.catalina.startup.VersionLoggerListener.log Command line argument: -Dsun.stdout.encoding=UTF-8
27-May-2026 10:54:53.106 INFO [main] org.apache.catalina.startup.VersionLoggerListener.log Command line argument: -Dsun.stderr.encoding=UTF-8
27-May-2026 10:54:53.109 INFO [main] org.apache.catalina.core.AprLifecycleListener.lifecycleEvent Loaded Apache Tomcat Native library [1.2.35] using APR version [1.7.0].
27-May-2026 10:54:53.109 INFO [main] org.apache.catalina.core.AprLifecycleListener.lifecycleEvent APR capabilities: IPv6 [true], sendfile [true], accept filters [false], random [true], UDS [true].
27-May-2026 10:54:53.114 INFO [main] org.apache.catalina.core.AprLifecycleListener.initializeSSL OpenSSL successfully initialized [OpenSSL 1.1.1q  5 Jul 2022]
27-May-2026 10:54:53.369 INFO [main] org.apache.coyote.AbstractProtocol.init Initializing ProtocolHandler ["http-nio-8084"]
27-May-2026 10:54:53.385 INFO [main] org.apache.catalina.startup.Catalina.load Server initialization in [449] milliseconds
27-May-2026 10:54:53.428 INFO [main] org.apache.catalina.core.StandardService.startInternal Starting service [Catalina]
27-May-2026 10:54:53.428 INFO [main] org.apache.catalina.core.StandardEngine.startInternal Starting Servlet engine: [Apache Tomcat/10.0.27]
27-May-2026 10:54:53.439 INFO [main] org.apache.catalina.startup.HostConfig.deployDescriptor Deploying deployment descriptor [C:\Users\PHÁT HUY\.SmartTomcat\jav101-lab2-phatphgtv00198-ops\Java_Web_Template\conf\Catalina\localhost\Java_Web_Template.xml]
27-May-2026 10:54:53.802 INFO [main] org.apache.jasper.servlet.TldScanner.scanJars At least one JAR was scanned for TLDs yet contained no TLDs. Enable debug logging for this logger for a complete list of JARs that were scanned but no TLDs were found in them. Skipping unneeded JARs during scanning can improve startup time and JSP compilation time.
27-May-2026 10:54:53.848 INFO [main] org.apache.catalina.startup.HostConfig.deployDescriptor Deployment of deployment descriptor [C:\Users\PHÁT HUY\.SmartTomcat\jav101-lab2-phatphgtv00198-ops\Java_Web_Template\conf\Catalina\localhost\Java_Web_Template.xml] has finished in [409] ms
27-May-2026 10:54:53.852 INFO [main] org.apache.coyote.AbstractProtocol.start Starting ProtocolHandler ["http-nio-8084"]
27-May-2026 10:54:53.876 INFO [main] org.apache.catalina.startup.Catalina.start Server startup in [490] milliseconds
27-May-2026 11:05:30.630 INFO [Thread-1] org.apache.coyote.AbstractProtocol.pause Pausing ProtocolHandler ["http-nio-8084"]
27-May-2026 11:05:30.632 INFO [Thread-1] org.apache.catalina.core.StandardService.stopInternal Stopping service [Catalina]
27-May-2026 11:05:30.641 INFO [Thread-1] org.apache.coyote.AbstractProtocol.stop Stopping ProtocolHandler ["http-nio-8084"]
27-May-2026 11:05:30.644 INFO [Thread-1] org.apache.coyote.AbstractProtocol.destroy Destroying ProtocolHandler ["http-nio-8084"]
27-May-2026 11:05:34.211 INFO [main] org.apache.catalina.startup.VersionLoggerListener.log Server version name:   Apache Tomcat/10.0.27
27-May-2026 11:05:34.215 INFO [main] org.apache.catalina.startup.VersionLoggerListener.log Server built:          Oct 3 2022 14:18:31 UTC
27-May-2026 11:05:34.215 INFO [main] org.apache.catalina.startup.VersionLoggerListener.log Server version number: 10.0.27.0
27-May-2026 11:05:34.215 INFO [main] org.apache.catalina.startup.VersionLoggerListener.log OS Name:               Windows 11
27-May-2026 11:05:34.215 INFO [main] org.apache.catalina.startup.VersionLoggerListener.log OS Version:            10.0
27-May-2026 11:05:34.215 INFO [main] org.apache.catalina.startup.VersionLoggerListener.log Architecture:          amd64
27-May-2026 11:05:34.215 INFO [main] org.apache.catalina.startup.VersionLoggerListener.log Java Home:             C:\Users\PHÁT HUY\.jdks\temurin-21.0.10
27-May-2026 11:05:34.215 INFO [main] org.apache.catalina.startup.VersionLoggerListener.log JVM Version:           21.0.10+7-LTS
27-May-2026 11:05:34.215 INFO [main] org.apache.catalina.startup.VersionLoggerListener.log JVM Vendor:            Eclipse Adoptium
27-May-2026 11:05:34.215 INFO [main] org.apache.catalina.startup.VersionLoggerListener.log CATALINA_BASE:         C:\Users\PHÁT HUY\.SmartTomcat\jav101-lab2-phatphgtv00198-ops\Java_Web_Template
27-May-2026 11:05:34.215 INFO [main] org.apache.catalina.startup.VersionLoggerListener.log CATALINA_HOME:         D:\apache-tomcat-10.0.27
27-May-2026 11:05:34.223 INFO [main] org.apache.catalina.startup.VersionLoggerListener.log Command line argument: --add-opens=java.base/java.lang=ALL-UNNAMED
27-May-2026 11:05:34.223 INFO [main] org.apache.catalina.startup.VersionLoggerListener.log Command line argument: --add-opens=java.base/java.io=ALL-UNNAMED
27-May-2026 11:05:34.223 INFO [main] org.apache.catalina.startup.VersionLoggerListener.log Command line argument: --add-opens=java.base/java.util=ALL-UNNAMED
27-May-2026 11:05:34.223 INFO [main] org.apache.catalina.startup.VersionLoggerListener.log Command line argument: --add-opens=java.base/java.util.concurrent=ALL-UNNAMED
27-May-2026 11:05:34.223 INFO [main] org.apache.catalina.startup.VersionLoggerListener.log Command line argument: --add-opens=java.rmi/sun.rmi.transport=ALL-UNNAMED
27-May-2026 11:05:34.223 INFO [main] org.apache.catalina.startup.VersionLoggerListener.log Command line argument: -Dcatalina.home=D:\apache-tomcat-10.0.27
27-May-2026 11:05:34.223 INFO [main] org.apache.catalina.startup.VersionLoggerListener.log Command line argument: -Dcatalina.base=C:\Users\PHÁT HUY\.SmartTomcat\jav101-lab2-phatphgtv00198-ops\Java_Web_Template
27-May-2026 11:05:34.223 INFO [main] org.apache.catalina.startup.VersionLoggerListener.log Command line argument: -Djava.io.tmpdir=C:\Users\PHÁT HUY\.SmartTomcat\jav101-lab2-phatphgtv00198-ops\Java_Web_Template\temp
27-May-2026 11:05:34.223 INFO [main] org.apache.catalina.startup.VersionLoggerListener.log Command line argument: -Djava.util.logging.config.file=C:\Users\PHÁT HUY\.SmartTomcat\jav101-lab2-phatphgtv00198-ops\Java_Web_Template\conf\logging.properties
27-May-2026 11:05:34.223 INFO [main] org.apache.catalina.startup.VersionLoggerListener.log Command line argument: -Djava.util.logging.manager=org.apache.juli.ClassLoaderLogManager
27-May-2026 11:05:34.223 INFO [main] org.apache.catalina.startup.VersionLoggerListener.log Command line argument: -javaagent:D:\Test\IntelliJ IDEA 2026.1\lib\idea_rt.jar=63818
27-May-2026 11:05:34.223 INFO [main] org.apache.catalina.startup.VersionLoggerListener.log Command line argument: -Dfile.encoding=UTF-8
27-May-2026 11:05:34.223 INFO [main] org.apache.catalina.startup.VersionLoggerListener.log Command line argument: -Dsun.stdout.encoding=UTF-8
27-May-2026 11:05:34.223 INFO [main] org.apache.catalina.startup.VersionLoggerListener.log Command line argument: -Dsun.stderr.encoding=UTF-8
27-May-2026 11:05:34.227 INFO [main] org.apache.catalina.core.AprLifecycleListener.lifecycleEvent Loaded Apache Tomcat Native library [1.2.35] using APR version [1.7.0].
27-May-2026 11:05:34.227 INFO [main] org.apache.catalina.core.AprLifecycleListener.lifecycleEvent APR capabilities: IPv6 [true], sendfile [true], accept filters [false], random [true], UDS [true].
27-May-2026 11:05:34.232 INFO [main] org.apache.catalina.core.AprLifecycleListener.initializeSSL OpenSSL successfully initialized [OpenSSL 1.1.1q  5 Jul 2022]
27-May-2026 11:05:34.522 INFO [main] org.apache.coyote.AbstractProtocol.init Initializing ProtocolHandler ["http-nio-8084"]
27-May-2026 11:05:34.540 INFO [main] org.apache.catalina.startup.Catalina.load Server initialization in [477] milliseconds
27-May-2026 11:05:34.591 INFO [main] org.apache.catalina.core.StandardService.startInternal Starting service [Catalina]
27-May-2026 11:05:34.592 INFO [main] org.apache.catalina.core.StandardEngine.startInternal Starting Servlet engine: [Apache Tomcat/10.0.27]
27-May-2026 11:05:34.607 INFO [main] org.apache.catalina.startup.HostConfig.deployDescriptor Deploying deployment descriptor [C:\Users\PHÁT HUY\.SmartTomcat\jav101-lab2-phatphgtv00198-ops\Java_Web_Template\conf\Catalina\localhost\Java_Web_Template.xml]
27-May-2026 11:05:34.964 INFO [main] org.apache.jasper.servlet.TldScanner.scanJars At least one JAR was scanned for TLDs yet contained no TLDs. Enable debug logging for this logger for a complete list of JARs that were scanned but no TLDs were found in them. Skipping unneeded JARs during scanning can improve startup time and JSP compilation time.
27-May-2026 11:05:35.008 INFO [main] org.apache.catalina.startup.HostConfig.deployDescriptor Deployment of deployment descriptor [C:\Users\PHÁT HUY\.SmartTomcat\jav101-lab2-phatphgtv00198-ops\Java_Web_Template\conf\Catalina\localhost\Java_Web_Template.xml] has finished in [400] ms
27-May-2026 11:05:35.011 INFO [main] org.apache.coyote.AbstractProtocol.start Starting ProtocolHandler ["http-nio-8084"]
27-May-2026 11:05:35.036 INFO [main] org.apache.catalina.startup.Catalina.start Server startup in [495] milliseconds
27-May-2026 11:06:29.783 INFO [Thread-1] org.apache.coyote.AbstractProtocol.pause Pausing ProtocolHandler ["http-nio-8084"]
27-May-2026 11:06:29.786 INFO [Thread-1] org.apache.catalina.core.StandardService.stopInternal Stopping service [Catalina]
27-May-2026 11:06:29.794 INFO [Thread-1] org.apache.coyote.AbstractProtocol.stop Stopping ProtocolHandler ["http-nio-8084"]
27-May-2026 11:06:29.797 INFO [Thread-1] org.apache.coyote.AbstractProtocol.destroy Destroying ProtocolHandler ["http-nio-8084"]
27-May-2026 11:06:31.577 INFO [main] org.apache.catalina.startup.VersionLoggerListener.log Server version name:   Apache Tomcat/10.0.27
27-May-2026 11:06:31.582 INFO [main] org.apache.catalina.startup.VersionLoggerListener.log Server built:          Oct 3 2022 14:18:31 UTC
27-May-2026 11:06:31.582 INFO [main] org.apache.catalina.startup.VersionLoggerListener.log Server version number: 10.0.27.0
27-May-2026 11:06:31.582 INFO [main] org.apache.catalina.startup.VersionLoggerListener.log OS Name:               Windows 11
27-May-2026 11:06:31.582 INFO [main] org.apache.catalina.startup.VersionLoggerListener.log OS Version:            10.0
27-May-2026 11:06:31.583 INFO [main] org.apache.catalina.startup.VersionLoggerListener.log Architecture:          amd64
27-May-2026 11:06:31.583 INFO [main] org.apache.catalina.startup.VersionLoggerListener.log Java Home:             C:\Users\PHÁT HUY\.jdks\temurin-21.0.10
27-May-2026 11:06:31.583 INFO [main] org.apache.catalina.startup.VersionLoggerListener.log JVM Version:           21.0.10+7-LTS
27-May-2026 11:06:31.583 INFO [main] org.apache.catalina.startup.VersionLoggerListener.log JVM Vendor:            Eclipse Adoptium
27-May-2026 11:06:31.583 INFO [main] org.apache.catalina.startup.VersionLoggerListener.log CATALINA_BASE:         C:\Users\PHÁT HUY\.SmartTomcat\jav101-lab2-phatphgtv00198-ops\Java_Web_Template
27-May-2026 11:06:31.583 INFO [main] org.apache.catalina.startup.VersionLoggerListener.log CATALINA_HOME:         D:\apache-tomcat-10.0.27
27-May-2026 11:06:31.591 INFO [main] org.apache.catalina.startup.VersionLoggerListener.log Command line argument: --add-opens=java.base/java.lang=ALL-UNNAMED
27-May-2026 11:06:31.592 INFO [main] org.apache.catalina.startup.VersionLoggerListener.log Command line argument: --add-opens=java.base/java.io=ALL-UNNAMED
27-May-2026 11:06:31.592 INFO [main] org.apache.catalina.startup.VersionLoggerListener.log Command line argument: --add-opens=java.base/java.util=ALL-UNNAMED
27-May-2026 11:06:31.592 INFO [main] org.apache.catalina.startup.VersionLoggerListener.log Command line argument: --add-opens=java.base/java.util.concurrent=ALL-UNNAMED
27-May-2026 11:06:31.592 INFO [main] org.apache.catalina.startup.VersionLoggerListener.log Command line argument: --add-opens=java.rmi/sun.rmi.transport=ALL-UNNAMED
27-May-2026 11:06:31.592 INFO [main] org.apache.catalina.startup.VersionLoggerListener.log Command line argument: -Dcatalina.home=D:\apache-tomcat-10.0.27
27-May-2026 11:06:31.592 INFO [main] org.apache.catalina.startup.VersionLoggerListener.log Command line argument: -Dcatalina.base=C:\Users\PHÁT HUY\.SmartTomcat\jav101-lab2-phatphgtv00198-ops\Java_Web_Template
27-May-2026 11:06:31.592 INFO [main] org.apache.catalina.startup.VersionLoggerListener.log Command line argument: -Djava.io.tmpdir=C:\Users\PHÁT HUY\.SmartTomcat\jav101-lab2-phatphgtv00198-ops\Java_Web_Template\temp
27-May-2026 11:06:31.592 INFO [main] org.apache.catalina.startup.VersionLoggerListener.log Command line argument: -Djava.util.logging.config.file=C:\Users\PHÁT HUY\.SmartTomcat\jav101-lab2-phatphgtv00198-ops\Java_Web_Template\conf\logging.properties
27-May-2026 11:06:31.592 INFO [main] org.apache.catalina.startup.VersionLoggerListener.log Command line argument: -Djava.util.logging.manager=org.apache.juli.ClassLoaderLogManager
27-May-2026 11:06:31.592 INFO [main] org.apache.catalina.startup.VersionLoggerListener.log Command line argument: -javaagent:D:\Test\IntelliJ IDEA 2026.1\lib\idea_rt.jar=49724
27-May-2026 11:06:31.592 INFO [main] org.apache.catalina.startup.VersionLoggerListener.log Command line argument: -Dfile.encoding=UTF-8
27-May-2026 11:06:31.592 INFO [main] org.apache.catalina.startup.VersionLoggerListener.log Command line argument: -Dsun.stdout.encoding=UTF-8
27-May-2026 11:06:31.592 INFO [main] org.apache.catalina.startup.VersionLoggerListener.log Command line argument: -Dsun.stderr.encoding=UTF-8
27-May-2026 11:06:31.602 INFO [main] org.apache.catalina.core.AprLifecycleListener.lifecycleEvent Loaded Apache Tomcat Native library [1.2.35] using APR version [1.7.0].
27-May-2026 11:06:31.602 INFO [main] org.apache.catalina.core.AprLifecycleListener.lifecycleEvent APR capabilities: IPv6 [true], sendfile [true], accept filters [false], random [true], UDS [true].
27-May-2026 11:06:31.621 INFO [main] org.apache.catalina.core.AprLifecycleListener.initializeSSL OpenSSL successfully initialized [OpenSSL 1.1.1q  5 Jul 2022]
27-May-2026 11:06:31.925 INFO [main] org.apache.coyote.AbstractProtocol.init Initializing ProtocolHandler ["http-nio-8084"]
27-May-2026 11:06:31.938 INFO [main] org.apache.catalina.startup.Catalina.load Server initialization in [534] milliseconds
27-May-2026 11:06:31.975 INFO [main] org.apache.catalina.core.StandardService.startInternal Starting service [Catalina]
27-May-2026 11:06:31.975 INFO [main] org.apache.catalina.core.StandardEngine.startInternal Starting Servlet engine: [Apache Tomcat/10.0.27]
27-May-2026 11:06:31.985 INFO [main] org.apache.catalina.startup.HostConfig.deployDescriptor Deploying deployment descriptor [C:\Users\PHÁT HUY\.SmartTomcat\jav101-lab2-phatphgtv00198-ops\Java_Web_Template\conf\Catalina\localhost\Java_Web_Template.xml]
27-May-2026 11:06:32.323 INFO [main] org.apache.jasper.servlet.TldScanner.scanJars At least one JAR was scanned for TLDs yet contained no TLDs. Enable debug logging for this logger for a complete list of JARs that were scanned but no TLDs were found in them. Skipping unneeded JARs during scanning can improve startup time and JSP compilation time.
27-May-2026 11:06:32.367 INFO [main] org.apache.catalina.startup.HostConfig.deployDescriptor Deployment of deployment descriptor [C:\Users\PHÁT HUY\.SmartTomcat\jav101-lab2-phatphgtv00198-ops\Java_Web_Template\conf\Catalina\localhost\Java_Web_Template.xml] has finished in [381] ms
27-May-2026 11:06:32.370 INFO [main] org.apache.coyote.AbstractProtocol.start Starting ProtocolHandler ["http-nio-8084"]
27-May-2026 11:06:32.394 INFO [main] org.apache.catalina.startup.Catalina.start Server startup in [456] milliseconds
27-May-2026 11:09:14.299 INFO [Thread-1] org.apache.coyote.AbstractProtocol.pause Pausing ProtocolHandler ["http-nio-8084"]
27-May-2026 11:09:14.301 INFO [Thread-1] org.apache.catalina.core.StandardService.stopInternal Stopping service [Catalina]
27-May-2026 11:09:14.310 INFO [Thread-1] org.apache.coyote.AbstractProtocol.stop Stopping ProtocolHandler ["http-nio-8084"]
27-May-2026 11:09:14.312 INFO [Thread-1] org.apache.coyote.AbstractProtocol.destroy Destroying ProtocolHandler ["http-nio-8084"]
27-May-2026 11:09:17.685 INFO [main] org.apache.catalina.startup.VersionLoggerListener.log Server version name:   Apache Tomcat/10.0.27
27-May-2026 11:09:17.687 INFO [main] org.apache.catalina.startup.VersionLoggerListener.log Server built:          Oct 3 2022 14:18:31 UTC
27-May-2026 11:09:17.688 INFO [main] org.apache.catalina.startup.VersionLoggerListener.log Server version number: 10.0.27.0
27-May-2026 11:09:17.688 INFO [main] org.apache.catalina.startup.VersionLoggerListener.log OS Name:               Windows 11
27-May-2026 11:09:17.688 INFO [main] org.apache.catalina.startup.VersionLoggerListener.log OS Version:            10.0
27-May-2026 11:09:17.688 INFO [main] org.apache.catalina.startup.VersionLoggerListener.log Architecture:          amd64
27-May-2026 11:09:17.688 INFO [main] org.apache.catalina.startup.VersionLoggerListener.log Java Home:             C:\Users\PHÁT HUY\.jdks\temurin-21.0.10
27-May-2026 11:09:17.688 INFO [main] org.apache.catalina.startup.VersionLoggerListener.log JVM Version:           21.0.10+7-LTS
27-May-2026 11:09:17.688 INFO [main] org.apache.catalina.startup.VersionLoggerListener.log JVM Vendor:            Eclipse Adoptium
27-May-2026 11:09:17.688 INFO [main] org.apache.catalina.startup.VersionLoggerListener.log CATALINA_BASE:         C:\Users\PHÁT HUY\.SmartTomcat\jav101-lab2-phatphgtv00198-ops\Java_Web_Template
27-May-2026 11:09:17.688 INFO [main] org.apache.catalina.startup.VersionLoggerListener.log CATALINA_HOME:         D:\apache-tomcat-10.0.27
27-May-2026 11:09:17.696 INFO [main] org.apache.catalina.startup.VersionLoggerListener.log Command line argument: --add-opens=java.base/java.lang=ALL-UNNAMED
27-May-2026 11:09:17.696 INFO [main] org.apache.catalina.startup.VersionLoggerListener.log Command line argument: --add-opens=java.base/java.io=ALL-UNNAMED
27-May-2026 11:09:17.697 INFO [main] org.apache.catalina.startup.VersionLoggerListener.log Command line argument: --add-opens=java.base/java.util=ALL-UNNAMED
27-May-2026 11:09:17.697 INFO [main] org.apache.catalina.startup.VersionLoggerListener.log Command line argument: --add-opens=java.base/java.util.concurrent=ALL-UNNAMED
27-May-2026 11:09:17.697 INFO [main] org.apache.catalina.startup.VersionLoggerListener.log Command line argument: --add-opens=java.rmi/sun.rmi.transport=ALL-UNNAMED
27-May-2026 11:09:17.697 INFO [main] org.apache.catalina.startup.VersionLoggerListener.log Command line argument: -Dcatalina.home=D:\apache-tomcat-10.0.27
27-May-2026 11:09:17.697 INFO [main] org.apache.catalina.startup.VersionLoggerListener.log Command line argument: -Dcatalina.base=C:\Users\PHÁT HUY\.SmartTomcat\jav101-lab2-phatphgtv00198-ops\Java_Web_Template
27-May-2026 11:09:17.697 INFO [main] org.apache.catalina.startup.VersionLoggerListener.log Command line argument: -Djava.io.tmpdir=C:\Users\PHÁT HUY\.SmartTomcat\jav101-lab2-phatphgtv00198-ops\Java_Web_Template\temp
27-May-2026 11:09:17.697 INFO [main] org.apache.catalina.startup.VersionLoggerListener.log Command line argument: -Djava.util.logging.config.file=C:\Users\PHÁT HUY\.SmartTomcat\jav101-lab2-phatphgtv00198-ops\Java_Web_Template\conf\logging.properties
27-May-2026 11:09:17.697 INFO [main] org.apache.catalina.startup.VersionLoggerListener.log Command line argument: -Djava.util.logging.manager=org.apache.juli.ClassLoaderLogManager
27-May-2026 11:09:17.697 INFO [main] org.apache.catalina.startup.VersionLoggerListener.log Command line argument: -javaagent:D:\Test\IntelliJ IDEA 2026.1\lib\idea_rt.jar=61288
27-May-2026 11:09:17.697 INFO [main] org.apache.catalina.startup.VersionLoggerListener.log Command line argument: -Dfile.encoding=UTF-8
27-May-2026 11:09:17.697 INFO [main] org.apache.catalina.startup.VersionLoggerListener.log Command line argument: -Dsun.stdout.encoding=UTF-8
27-May-2026 11:09:17.697 INFO [main] org.apache.catalina.startup.VersionLoggerListener.log Command line argument: -Dsun.stderr.encoding=UTF-8
27-May-2026 11:09:17.700 INFO [main] org.apache.catalina.core.AprLifecycleListener.lifecycleEvent Loaded Apache Tomcat Native library [1.2.35] using APR version [1.7.0].
27-May-2026 11:09:17.700 INFO [main] org.apache.catalina.core.AprLifecycleListener.lifecycleEvent APR capabilities: IPv6 [true], sendfile [true], accept filters [false], random [true], UDS [true].
27-May-2026 11:09:17.705 INFO [main] org.apache.catalina.core.AprLifecycleListener.initializeSSL OpenSSL successfully initialized [OpenSSL 1.1.1q  5 Jul 2022]
27-May-2026 11:09:17.983 INFO [main] org.apache.coyote.AbstractProtocol.init Initializing ProtocolHandler ["http-nio-8084"]
27-May-2026 11:09:18.001 INFO [main] org.apache.catalina.startup.Catalina.load Server initialization in [466] milliseconds
27-May-2026 11:09:18.049 INFO [main] org.apache.catalina.core.StandardService.startInternal Starting service [Catalina]
27-May-2026 11:09:18.050 INFO [main] org.apache.catalina.core.StandardEngine.startInternal Starting Servlet engine: [Apache Tomcat/10.0.27]
27-May-2026 11:09:18.059 INFO [main] org.apache.catalina.startup.HostConfig.deployDescriptor Deploying deployment descriptor [C:\Users\PHÁT HUY\.SmartTomcat\jav101-lab2-phatphgtv00198-ops\Java_Web_Template\conf\Catalina\localhost\Java_Web_Template.xml]
27-May-2026 11:09:18.400 INFO [main] org.apache.jasper.servlet.TldScanner.scanJars At least one JAR was scanned for TLDs yet contained no TLDs. Enable debug logging for this logger for a complete list of JARs that were scanned but no TLDs were found in them. Skipping unneeded JARs during scanning can improve startup time and JSP compilation time.
27-May-2026 11:09:18.468 INFO [main] org.apache.catalina.startup.HostConfig.deployDescriptor Deployment of deployment descriptor [C:\Users\PHÁT HUY\.SmartTomcat\jav101-lab2-phatphgtv00198-ops\Java_Web_Template\conf\Catalina\localhost\Java_Web_Template.xml] has finished in [409] ms
27-May-2026 11:09:18.471 INFO [main] org.apache.coyote.AbstractProtocol.start Starting ProtocolHandler ["http-nio-8084"]
27-May-2026 11:09:18.500 INFO [main] org.apache.catalina.startup.Catalina.start Server startup in [499] milliseconds
27-May-2026 11:12:44.514 INFO [Thread-1] org.apache.coyote.AbstractProtocol.pause Pausing ProtocolHandler ["http-nio-8084"]
27-May-2026 11:12:44.517 INFO [Thread-1] org.apache.catalina.core.StandardService.stopInternal Stopping service [Catalina]
27-May-2026 11:12:44.526 INFO [Thread-1] org.apache.coyote.AbstractProtocol.stop Stopping ProtocolHandler ["http-nio-8084"]
27-May-2026 11:12:44.534 INFO [Thread-1] org.apache.coyote.AbstractProtocol.destroy Destroying ProtocolHandler ["http-nio-8084"]
27-May-2026 11:12:46.764 INFO [main] org.apache.catalina.startup.VersionLoggerListener.log Server version name:   Apache Tomcat/10.0.27
27-May-2026 11:12:46.767 INFO [main] org.apache.catalina.startup.VersionLoggerListener.log Server built:          Oct 3 2022 14:18:31 UTC
27-May-2026 11:12:46.767 INFO [main] org.apache.catalina.startup.VersionLoggerListener.log Server version number: 10.0.27.0
27-May-2026 11:12:46.767 INFO [main] org.apache.catalina.startup.VersionLoggerListener.log OS Name:               Windows 11
27-May-2026 11:12:46.767 INFO [main] org.apache.catalina.startup.VersionLoggerListener.log OS Version:            10.0
27-May-2026 11:12:46.767 INFO [main] org.apache.catalina.startup.VersionLoggerListener.log Architecture:          amd64
27-May-2026 11:12:46.768 INFO [main] org.apache.catalina.startup.VersionLoggerListener.log Java Home:             C:\Users\PHÁT HUY\.jdks\temurin-21.0.10
27-May-2026 11:12:46.768 INFO [main] org.apache.catalina.startup.VersionLoggerListener.log JVM Version:           21.0.10+7-LTS
27-May-2026 11:12:46.768 INFO [main] org.apache.catalina.startup.VersionLoggerListener.log JVM Vendor:            Eclipse Adoptium
27-May-2026 11:12:46.768 INFO [main] org.apache.catalina.startup.VersionLoggerListener.log CATALINA_BASE:         C:\Users\PHÁT HUY\.SmartTomcat\jav101-lab2-phatphgtv00198-ops\Java_Web_Template
27-May-2026 11:12:46.768 INFO [main] org.apache.catalina.startup.VersionLoggerListener.log CATALINA_HOME:         D:\apache-tomcat-10.0.27
27-May-2026 11:12:46.777 INFO [main] org.apache.catalina.startup.VersionLoggerListener.log Command line argument: --add-opens=java.base/java.lang=ALL-UNNAMED
27-May-2026 11:12:46.777 INFO [main] org.apache.catalina.startup.VersionLoggerListener.log Command line argument: --add-opens=java.base/java.io=ALL-UNNAMED
27-May-2026 11:12:46.777 INFO [main] org.apache.catalina.startup.VersionLoggerListener.log Command line argument: --add-opens=java.base/java.util=ALL-UNNAMED
27-May-2026 11:12:46.777 INFO [main] org.apache.catalina.startup.VersionLoggerListener.log Command line argument: --add-opens=java.base/java.util.concurrent=ALL-UNNAMED
27-May-2026 11:12:46.777 INFO [main] org.apache.catalina.startup.VersionLoggerListener.log Command line argument: --add-opens=java.rmi/sun.rmi.transport=ALL-UNNAMED
27-May-2026 11:12:46.777 INFO [main] org.apache.catalina.startup.VersionLoggerListener.log Command line argument: -Dcatalina.home=D:\apache-tomcat-10.0.27
27-May-2026 11:12:46.777 INFO [main] org.apache.catalina.startup.VersionLoggerListener.log Command line argument: -Dcatalina.base=C:\Users\PHÁT HUY\.SmartTomcat\jav101-lab2-phatphgtv00198-ops\Java_Web_Template
27-May-2026 11:12:46.777 INFO [main] org.apache.catalina.startup.VersionLoggerListener.log Command line argument: -Djava.io.tmpdir=C:\Users\PHÁT HUY\.SmartTomcat\jav101-lab2-phatphgtv00198-ops\Java_Web_Template\temp
27-May-2026 11:12:46.778 INFO [main] org.apache.catalina.startup.VersionLoggerListener.log Command line argument: -Djava.util.logging.config.file=C:\Users\PHÁT HUY\.SmartTomcat\jav101-lab2-phatphgtv00198-ops\Java_Web_Template\conf\logging.properties
27-May-2026 11:12:46.778 INFO [main] org.apache.catalina.startup.VersionLoggerListener.log Command line argument: -Djava.util.logging.manager=org.apache.juli.ClassLoaderLogManager
27-May-2026 11:12:46.778 INFO [main] org.apache.catalina.startup.VersionLoggerListener.log Command line argument: -javaagent:D:\Test\IntelliJ IDEA 2026.1\lib\idea_rt.jar=59109
27-May-2026 11:12:46.778 INFO [main] org.apache.catalina.startup.VersionLoggerListener.log Command line argument: -Dfile.encoding=UTF-8
27-May-2026 11:12:46.778 INFO [main] org.apache.catalina.startup.VersionLoggerListener.log Command line argument: -Dsun.stdout.encoding=UTF-8
27-May-2026 11:12:46.778 INFO [main] org.apache.catalina.startup.VersionLoggerListener.log Command line argument: -Dsun.stderr.encoding=UTF-8
27-May-2026 11:12:46.781 INFO [main] org.apache.catalina.core.AprLifecycleListener.lifecycleEvent Loaded Apache Tomcat Native library [1.2.35] using APR version [1.7.0].
27-May-2026 11:12:46.781 INFO [main] org.apache.catalina.core.AprLifecycleListener.lifecycleEvent APR capabilities: IPv6 [true], sendfile [true], accept filters [false], random [true], UDS [true].
27-May-2026 11:12:46.786 INFO [main] org.apache.catalina.core.AprLifecycleListener.initializeSSL OpenSSL successfully initialized [OpenSSL 1.1.1q  5 Jul 2022]
27-May-2026 11:12:47.053 INFO [main] org.apache.coyote.AbstractProtocol.init Initializing ProtocolHandler ["http-nio-8084"]
27-May-2026 11:12:47.070 INFO [main] org.apache.catalina.startup.Catalina.load Server initialization in [451] milliseconds
27-May-2026 11:12:47.115 INFO [main] org.apache.catalina.core.StandardService.startInternal Starting service [Catalina]
27-May-2026 11:12:47.115 INFO [main] org.apache.catalina.core.StandardEngine.startInternal Starting Servlet engine: [Apache Tomcat/10.0.27]
27-May-2026 11:12:47.125 INFO [main] org.apache.catalina.startup.HostConfig.deployDescriptor Deploying deployment descriptor [C:\Users\PHÁT HUY\.SmartTomcat\jav101-lab2-phatphgtv00198-ops\Java_Web_Template\conf\Catalina\localhost\Java_Web_Template.xml]
27-May-2026 11:12:47.451 INFO [main] org.apache.jasper.servlet.TldScanner.scanJars At least one JAR was scanned for TLDs yet contained no TLDs. Enable debug logging for this logger for a complete list of JARs that were scanned but no TLDs were found in them. Skipping unneeded JARs during scanning can improve startup time and JSP compilation time.
27-May-2026 11:12:47.494 INFO [main] org.apache.catalina.startup.HostConfig.deployDescriptor Deployment of deployment descriptor [C:\Users\PHÁT HUY\.SmartTomcat\jav101-lab2-phatphgtv00198-ops\Java_Web_Template\conf\Catalina\localhost\Java_Web_Template.xml] has finished in [369] ms
27-May-2026 11:12:47.497 INFO [main] org.apache.coyote.AbstractProtocol.start Starting ProtocolHandler ["http-nio-8084"]
27-May-2026 11:12:47.520 INFO [main] org.apache.catalina.startup.Catalina.start Server startup in [447] milliseconds
